Using pre-set license
Built from '2020.3/staging' branch; Version is '2020.3.37f1 (8c66806a0c04) revision 9201280'; Using compiler version '192528614'; Build Type 'Release'
OS: 'Windows 10  (10.0.19044) 64bit Enterprise' Language: 'en' Physical Memory: 20354 MB
BatchMode: 1, IsHumanControllingUs: 0, StartBugReporterOnCrash: 0, Is64bit: 1, IsPro: 0

COMMAND LINE ARGUMENTS:
C:\Program Files\Unity\Hub\Editor\2020.3.37f1\Editor\Unity.exe
-adb2
-batchMode
-noUpm
-name
AssetImportWorker0
-projectPath
C:/Users/hasna/My project
-logFile
Logs/AssetImportWorker0.log
-srvPort
52789
Successfully changed project path to: C:/Users/hasna/My project
C:/Users/hasna/My project
Using Asset Import Pipeline V2.
Refreshing native plugins compatible for Editor in 122.51 ms, found 2 plugins.
Preloading 0 native plugins for Editor in 0.00 ms.
Initialize engine version: 2020.3.37f1 (8c66806a0c04)
[Subsystems] Discovering subsystems at path C:/Program Files/Unity/Hub/Editor/2020.3.37f1/Editor/Data/Resources/UnitySubsystems
[Subsystems] Discovering subsystems at path C:/Users/hasna/My project/Assets
GfxDevice: creating device client; threaded=0
Direct3D:
    Version:  Direct3D 11.0 [level 11.1]
    Renderer: NVIDIA GeForce MX150 (ID=0x1d10)
    Vendor:   
    VRAM:     4027 MB
    Driver:   27.21.14.5749
Initialize mono
Mono path[0] = 'C:/Program Files/Unity/Hub/Editor/2020.3.37f1/Editor/Data/Managed'
Mono path[1] = 'C:/Program Files/Unity/Hub/Editor/2020.3.37f1/Editor/Data/MonoBleedingEdge/lib/mono/unityjit'
Mono config path = 'C:/Program Files/Unity/Hub/Editor/2020.3.37f1/Editor/Data/MonoBleedingEdge/etc'
Using monoOptions --debugger-agent=transport=dt_socket,embedding=1,server=y,suspend=n,address=127.0.0.1:56688
Begin MonoManager ReloadAssembly
Registering precompiled unity dll's ...
Register platform support module: C:/Program Files/Unity/Hub/Editor/2020.3.37f1/Editor/Data/PlaybackEngines/WindowsStandaloneSupport/UnityEditor.WindowsStandalone.Extensions.dll
Registered in 0.025344 seconds.
Native extension for WindowsStandalone target not found
Refreshing native plugins compatible for Editor in 203.08 ms, found 2 plugins.
Preloading 0 native plugins for Editor in 0.00 ms.
Mono: successfully reloaded assembly
- Completed reload, in  2.940 seconds
Domain Reload Profiling:
	ReloadAssembly (2941ms)
		BeginReloadAssembly (426ms)
			ExecutionOrderSort (0ms)
			DisableScriptedObjects (0ms)
			BackupInstance (0ms)
			ReleaseScriptingObjects (0ms)
			CreateAndSetChildDomain (2ms)
		EndReloadAssembly (2096ms)
			LoadAssemblies (420ms)
			RebuildTransferFunctionScriptingTraits (0ms)
			SetupTypeCache (711ms)
			ReleaseScriptCaches (0ms)
			RebuildScriptCaches (153ms)
			SetupLoadedEditorAssemblies (709ms)
				LogAssemblyErrors (0ms)
				InitializePlatformSupportModulesInManaged (12ms)
				SetLoadedEditorAssemblies (1ms)
				RefreshPlugins (203ms)
				BeforeProcessingInitializeOnLoad (86ms)
				ProcessInitializeOnLoadAttributes (308ms)
				ProcessInitializeOnLoadMethodAttributes (98ms)
				AfterProcessingInitializeOnLoad (0ms)
				EditorAssembliesLoaded (1ms)
			ExecutionOrderSort2 (0ms)
			AwakeInstancesAfterBackupRestoration (0ms)
Platform modules already initialized, skipping
Registering precompiled user dll's ...
Registered in 0.012573 seconds.
Begin MonoManager ReloadAssembly
Native extension for WindowsStandalone target not found
Refreshing native plugins compatible for Editor in 1.11 ms, found 2 plugins.
Preloading 0 native plugins for Editor in 0.00 ms.
Mono: successfully reloaded assembly
- Completed reload, in  4.020 seconds
Domain Reload Profiling:
	ReloadAssembly (4022ms)
		BeginReloadAssembly (567ms)
			ExecutionOrderSort (0ms)
			DisableScriptedObjects (14ms)
			BackupInstance (0ms)
			ReleaseScriptingObjects (0ms)
			CreateAndSetChildDomain (60ms)
		EndReloadAssembly (3227ms)
			LoadAssemblies (385ms)
			RebuildTransferFunctionScriptingTraits (0ms)
			SetupTypeCache (952ms)
			ReleaseScriptCaches (1ms)
			RebuildScriptCaches (175ms)
			SetupLoadedEditorAssemblies (1452ms)
				LogAssemblyErrors (0ms)
				InitializePlatformSupportModulesInManaged (13ms)
				SetLoadedEditorAssemblies (1ms)
				RefreshPlugins (1ms)
				BeforeProcessingInitializeOnLoad (318ms)
				ProcessInitializeOnLoadAttributes (1042ms)
				ProcessInitializeOnLoadMethodAttributes (58ms)
				AfterProcessingInitializeOnLoad (18ms)
				EditorAssembliesLoaded (1ms)
			ExecutionOrderSort2 (0ms)
			AwakeInstancesAfterBackupRestoration (5ms)
Platform modules already initialized, skipping
========================================================================
Worker process is ready to serve import requests
Launched and connected shader compiler UnityShaderCompiler.exe after 0.16 seconds
Refreshing native plugins compatible for Editor in 1.06 ms, found 2 plugins.
Preloading 0 native plugins for Editor in 0.00 ms.
Unloading 1782 Unused Serialized files (Serialized files now loaded: 0)
System memory in use before: 170.1 MB.
System memory in use after: 170.2 MB.

Unloading 17 unused Assets to reduce memory usage. Loaded Objects now: 2247.
Total: 5.164400 ms (FindLiveObjects: 0.238100 ms CreateObjectMapping: 0.117900 ms MarkObjects: 4.603800 ms  DeleteObjects: 0.202900 ms)

AssetImportParameters requested are different than current active one (requested -> active):
  custom:framework-win-MediaFoundation: 216162199b28c13a410421893ffa2e32 -> 
  custom:video-decoder-ogg-theora: a1e56fd34408186e4bbccfd4996cb3dc -> 
  custom:container-muxer-webm: aa71ff27fc2769a1b78a27578f13a17b -> 
  custom:container-demuxer-webm: 4f35f7cbe854078d1ac9338744f61a02 -> 
  custom:container-demuxer-ogg: 62fdf1f143b41e24485cea50d1cbac27 -> 
  custom:video-encoder-webm-vp8: eb34c28f22e8b96e1ab97ce403110664 -> 
  custom:video-decoder-webm-vp8: 9c59270c3fd7afecdb556c50c9e8de78 -> 
  custom:audio-decoder-ogg-vorbis: bf7c407c2cedff20999df2af8eb42d56 -> 
  custom:audio-encoder-webm-vorbis: bf7c407c2cedff20999df2af8eb42d56 -> 
========================================================================
Received Import Request.
  path: Assets/GDD-Project/Minimap
  artifactKey: Guid(a76a02203d917bb449989ce5e444c186) Importer(815301076,1909f56bfc062723c751e8b465ee728b)
Start importing Assets/GDD-Project/Minimap using Guid(a76a02203d917bb449989ce5e444c186) Importer(815301076,1909f56bfc062723c751e8b465ee728b)  -> (artifact id: 'd56368b8f974687be674c8b7eddc5682') in 0.023336 seconds 
========================================================================
Received Import Request.
  Time since last request: 23.929530 seconds.
  path: Assets/GDD-Project/Minimap/New Render Texture.renderTexture
  artifactKey: Guid(1d656897e35e40d4b80438d112172110) Importer(815301076,1909f56bfc062723c751e8b465ee728b)
Start importing Assets/GDD-Project/Minimap/New Render Texture.renderTexture using Guid(1d656897e35e40d4b80438d112172110) Importer(815301076,1909f56bfc062723c751e8b465ee728b)  -> (artifact id: 'cca5c98e3fe3df3ba5b73387371eade1') in 0.323617 seconds 
========================================================================
Received Import Request.
  Time since last request: 13.392508 seconds.
  path: Assets/GDD-Project/Minimap/Minimap Text.renderTexture
  artifactKey: Guid(1d656897e35e40d4b80438d112172110) Importer(815301076,1909f56bfc062723c751e8b465ee728b)
Start importing Assets/GDD-Project/Minimap/Minimap Text.renderTexture using Guid(1d656897e35e40d4b80438d112172110) Importer(815301076,1909f56bfc062723c751e8b465ee728b)  -> (artifact id: 'e2b9c3406af317f409c5fab380031e40') in 0.057403 seconds 
========================================================================
Received Import Request.
  Time since last request: 15.246321 seconds.
  path: Assets/GDD-Project/Minimap/MiniMapText.renderTexture
  artifactKey: Guid(1d656897e35e40d4b80438d112172110) Importer(815301076,1909f56bfc062723c751e8b465ee728b)
Start importing Assets/GDD-Project/Minimap/MiniMapText.renderTexture using Guid(1d656897e35e40d4b80438d112172110) Importer(815301076,1909f56bfc062723c751e8b465ee728b)  -> (artifact id: 'e56e4175aa636d9009ed298702dccebf') in 0.274332 seconds 
========================================================================
Received Import Request.
  Time since last request: 480.495005 seconds.
  path: Assets/GDD-Project/Minimap/Picture1.png
  artifactKey: Guid(0874678aba79ca94197e2232b74acb9d) Importer(815301076,1909f56bfc062723c751e8b465ee728b)
Start importing Assets/GDD-Project/Minimap/Picture1.png using Guid(0874678aba79ca94197e2232b74acb9d) Importer(815301076,1909f56bfc062723c751e8b465ee728b)  -> (artifact id: 'af4e0ec44680f0ef5239d8b5b1537ba3') in 0.081553 seconds 
========================================================================
Received Import Request.
  Time since last request: 25.298395 seconds.
  path: Assets/GDD-Project/Minimap/Picture1.png
  artifactKey: Guid(0874678aba79ca94197e2232b74acb9d) Importer(815301076,1909f56bfc062723c751e8b465ee728b)
Start importing Assets/GDD-Project/Minimap/Picture1.png using Guid(0874678aba79ca94197e2232b74acb9d) Importer(815301076,1909f56bfc062723c751e8b465ee728b)  -> (artifact id: 'b410bf23d9ff42f963c9f11c7c998dfd') in 0.151472 seconds 
========================================================================
Received Import Request.
  Time since last request: 433.466626 seconds.
  path: Assets/GDD-Project/Minimap/Picture2.png
  artifactKey: Guid(651fd93462637fc4db9b7cad6a345430) Importer(815301076,1909f56bfc062723c751e8b465ee728b)
Start importing Assets/GDD-Project/Minimap/Picture2.png using Guid(651fd93462637fc4db9b7cad6a345430) Importer(815301076,1909f56bfc062723c751e8b465ee728b)  -> (artifact id: '1fd3504fa8e64930abceb302c96418c3') in 0.065400 seconds 
========================================================================
Received Import Request.
  Time since last request: 6.146948 seconds.
  path: Assets/GDD-Project/Minimap/Picture2.png
  artifactKey: Guid(651fd93462637fc4db9b7cad6a345430) Importer(815301076,1909f56bfc062723c751e8b465ee728b)
Start importing Assets/GDD-Project/Minimap/Picture2.png using Guid(651fd93462637fc4db9b7cad6a345430) Importer(815301076,1909f56bfc062723c751e8b465ee728b)  -> (artifact id: 'fdd7f879d1e0665745cf41109e9f6e51') in 0.063921 seconds 
========================================================================
Received Prepare
Registering precompiled user dll's ...
Registered in 0.020320 seconds.
Begin MonoManager ReloadAssembly
Native extension for WindowsStandalone target not found
Refreshing native plugins compatible for Editor in 1.19 ms, found 2 plugins.
Preloading 0 native plugins for Editor in 0.00 ms.
Mono: successfully reloaded assembly
- Completed reload, in  3.141 seconds
Domain Reload Profiling:
	ReloadAssembly (3142ms)
		BeginReloadAssembly (252ms)
			ExecutionOrderSort (0ms)
			DisableScriptedObjects (9ms)
			BackupInstance (0ms)
			ReleaseScriptingObjects (0ms)
			CreateAndSetChildDomain (65ms)
		EndReloadAssembly (2673ms)
			LoadAssemblies (284ms)
			RebuildTransferFunctionScriptingTraits (0ms)
			SetupTypeCache (996ms)
			ReleaseScriptCaches (2ms)
			RebuildScriptCaches (141ms)
			SetupLoadedEditorAssemblies (915ms)
				LogAssemblyErrors (0ms)
				InitializePlatformSupportModulesInManaged (13ms)
				SetLoadedEditorAssemblies (2ms)
				RefreshPlugins (1ms)
				BeforeProcessingInitializeOnLoad (304ms)
				ProcessInitializeOnLoadAttributes (538ms)
				ProcessInitializeOnLoadMethodAttributes (37ms)
				AfterProcessingInitializeOnLoad (19ms)
				EditorAssembliesLoaded (1ms)
			ExecutionOrderSort2 (0ms)
			AwakeInstancesAfterBackupRestoration (4ms)
Platform modules already initialized, skipping
Switching build target platform(19) subTarget(0) extendedPlatform(0) -> platform(13) subTarget(537395200) extendedPlatform(0)
Refreshing native plugins compatible for Editor in 0.70 ms, found 2 plugins.
Preloading 0 native plugins for Editor in 0.00 ms.
Unloading 1749 Unused Serialized files (Serialized files now loaded: 0)
System memory in use before: 168.4 MB.
System memory in use after: 168.5 MB.

Unloading 12 unused Assets to reduce memory usage. Loaded Objects now: 2261.
Total: 6.864900 ms (FindLiveObjects: 0.278700 ms CreateObjectMapping: 0.182700 ms MarkObjects: 6.267300 ms  DeleteObjects: 0.134600 ms)

AssetImportParameters requested are different than current active one (requested -> active):
  custom:framework-win-MediaFoundation: 216162199b28c13a410421893ffa2e32 -> 
  custom:video-decoder-ogg-theora: a1e56fd34408186e4bbccfd4996cb3dc -> 
  custom:container-muxer-webm: aa71ff27fc2769a1b78a27578f13a17b -> 
  custom:container-demuxer-webm: 4f35f7cbe854078d1ac9338744f61a02 -> 
  custom:container-demuxer-ogg: 62fdf1f143b41e24485cea50d1cbac27 -> 
  custom:video-encoder-webm-vp8: eb34c28f22e8b96e1ab97ce403110664 -> 
  custom:video-decoder-webm-vp8: 9c59270c3fd7afecdb556c50c9e8de78 -> 
  custom:graphics/normal-map-encoding: 01000000000000000000000000000000 -> 02000000000000000000000000000000
  custom:audio-decoder-ogg-vorbis: bf7c407c2cedff20999df2af8eb42d56 -> 
  custom:audio-encoder-webm-vorbis: bf7c407c2cedff20999df2af8eb42d56 -> 
========================================================================
Received Import Request.
  Time since last request: 320.855330 seconds.
  path: Assets/GDD-Project/Minimap/Picture1 1.png
  artifactKey: Guid(b657d24030b3f4944a4f96c042f59729) Importer(815301076,1909f56bfc062723c751e8b465ee728b)
Start importing Assets/GDD-Project/Minimap/Picture1 1.png using Guid(b657d24030b3f4944a4f96c042f59729) Importer(815301076,1909f56bfc062723c751e8b465ee728b)  -> (artifact id: '9f10856f1914d3eab92563bd8ad3ffdd') in 0.296542 seconds 
========================================================================
Received Import Request.
  Time since last request: 16.205129 seconds.
  path: Assets/GDD-Project/Minimap/Picture1 1.png
  artifactKey: Guid(b657d24030b3f4944a4f96c042f59729) Importer(815301076,1909f56bfc062723c751e8b465ee728b)
Start importing Assets/GDD-Project/Minimap/Picture1 1.png using Guid(b657d24030b3f4944a4f96c042f59729) Importer(815301076,1909f56bfc062723c751e8b465ee728b)  -> (artifact id: '3c7c1f0ab0225cd2a6573fb085183f5b') in 0.118919 seconds 
AssetImportWorkerClient::OnTransportError - code=2 error=End of file
